#
# A fatal error has been detected by the Java Runtime Environment:
#
#  SIGBUS (0xa) at pc=0x000000011045e0b7, pid=8338, tid=27171
#
# JRE version: Java(TM) SE Runtime Environment (7.0_51-b13) (build 1.7.0_51-b13)
# Java VM: Java HotSpot(TM) 64-Bit Server VM (24.51-b03 mixed mode bsd-amd64 compressed oops)
# Problematic frame:
# C  [libzip.dylib+0x30b7]  newEntry+0x154
#
# Failed to write core dump. Core dumps have been disabled. To enable core dumping, try "ulimit -c unlimited" before starting Java again
#
# If you would like to submit a bug report, please visit:
#   http://bugreport.sun.com/bugreport/crash.jsp
# The crash happened outside the Java Virtual Machine in native code.
# See problematic frame for where to report the bug.
#

---------------  T H R E A D  ---------------

Current thread (0x00007fbdcf193800):  JavaThread "Daemon worker Thread 10" [_thread_in_native, id=27171, stack(0x000000011ad09000,0x000000011ae09000)]

siginfo:si_signo=SIGBUS: si_errno=0, si_code=2 (BUS_ADRERR), si_addr=0x0000000119c5f8cd

Registers:
RAX=0x00007fbdcae1e230, RBX=0x0000000119c5f8c1, RCX=0x0000000000000001, RDX=0x0000000000000508
RSP=0x000000011ae05630, RBP=0x000000011ae05690, RSI=0x00007fbdcac00000, RDI=0x000000010efc6e00
R8 =0x0000000000000004, R9 =0x00000000fffc0000, R10=0x00000001104dfad8, R11=0xfffffff92fa48c96
R12=0x0000000000001900, R13=0x00007fbdcc072e00, R14=0x00007fbdcae1e230, R15=0x00007fbdcd409660
RIP=0x000000011045e0b7, EFLAGS=0x0000000000010202, ERR=0x0000000000000004
  TRAPNO=0x000000000000000e

Top of Stack: (sp=0x000000011ae05630)
0x000000011ae05630:   000000011ae05a80 0000000000000000
0x000000011ae05640:   0000000000000000 0000000000000004
0x000000011ae05650:   000000011ae05670 00007fbdcae1e230
0x000000011ae05660:   00007fbdcac5b4d0 00000000b864f542
0x000000011ae05670:   0000000000001900 00007fbdcc072e00
0x000000011ae05680:   00007fbdcae1e230 00007fbdcd409660
0x000000011ae05690:   000000011ae056e0 000000011045e725
0x000000011ae056a0:   000000000000003b 0000003bcf193800
0x000000011ae056b0:   000000011ae056fe 000000011ae05b48
0x000000011ae056c0:   000000000000003b 000000011ae056fe
0x000000011ae056d0:   00007fbdcae1e230 00007fbdcf1939e8
0x000000011ae056e0:   000000011ae05b30 000000011045d570
0x000000011ae056f0:   0000000000000009 726f000000000001
0x000000011ae05700:   656c646172672f67 2f79766f6f72672f
0x000000011ae05710:   2f73747069726373 74736978456e6f4e
0x000000011ae05720:   53656c6946746e65 756f537470697263
0x000000011ae05730:   73616c632e656372 0000000000000073
0x000000011ae05740:   0000003000000010 580000011ae05d20
0x000000011ae05750:   000000011ae05c40 0000000000000002
0x000000011ae05760:   00000000735f26b8 0000000000000000
0x000000011ae05770:   0000000000000000 000000000000000c
0x000000011ae05780:   000000011ae05b50 000000011ae05798
0x000000011ae05790:   0000000000000000 0000000000000000
0x000000011ae057a0:   0000000000000025 00000007eb3a5d70
0x000000011ae057b0:   000000011ae00080 000000011ae057c8
0x000000011ae057c0:   0000000000000000 000000010ff52fcc
0x000000011ae057d0:   0000000000000005 0000000000000001
0x000000011ae057e0:   000000011ae05bb0 000000011ae057f8
0x000000011ae057f0:   0000003000000010 000000011ae05dd0
0x000000011ae05800:   000000011ae05cf0 000000010fca9525
0x000000011ae05810:   000000011ae05d00 000000011684c6a0
0x000000011ae05820:   00000007b0235b80 000000011684c6a0 

Instructions: (pc=0x000000011045e0b7)
0x000000011045e097:   49 8b 7f 38 e8 9c 1a 00 00 4d 89 77 38 49 89 5f
0x000000011045e0a7:   40 4c 89 f0 48 85 c0 0f 84 16 05 00 00 48 89 c3
0x000000011045e0b7:   0f b6 43 0c 0f b6 4b 0d 48 c1 e1 08 48 01 c1 0f
0x000000011045e0c7:   b6 43 0e 0f b6 53 0f 48 c1 e2 08 48 01 c2 48 c1 

Register to memory mapping:

RAX=0x00007fbdcae1e230 is an unknown value
RBX=0x0000000119c5f8c1 is an unknown value
RCX=0x0000000000000001 is an unknown value
RDX=0x0000000000000508 is an unknown value
RSP=0x000000011ae05630 is pointing into the stack for thread: 0x00007fbdcf193800
RBP=0x000000011ae05690 is pointing into the stack for thread: 0x00007fbdcf193800
RSI=0x00007fbdcac00000 is an unknown value
RDI=0x000000010efc6e00 is an unknown value
R8 =0x0000000000000004 is an unknown value
R9 =0x00000000fffc0000 is an unknown value
R10=0x00000001104dfad8 is at entry_point+88 in (nmethod*)0x00000001104df910
R11=0xfffffff92fa48c96 is an unknown value
R12=0x0000000000001900 is an unknown value
R13=0x00007fbdcc072e00 is an unknown value
R14=0x00007fbdcae1e230 is an unknown value
R15=0x00007fbdcd409660 is an unknown value


Stack: [0x000000011ad09000,0x000000011ae09000],  sp=0x000000011ae05630,  free space=1009k
Native frames: (J=compiled Java code, j=interpreted, Vv=VM code, C=native code)
C  [libzip.dylib+0x30b7]  newEntry+0x154
C  [libzip.dylib+0x3725]  ZIP_GetEntry+0xa2
C  [libzip.dylib+0x2570]  Java_java_util_zip_ZipFile_getEntry+0xdd
J  java.util.zip.ZipFile.getEntry(J[BZ)J

Java frames: (J=compiled Java code, j=interpreted, Vv=VM code)
J  java.util.zip.ZipFile.getEntry(J[BZ)J
J  java.util.jar.JarFile.getEntry(Ljava/lang/String;)Ljava/util/zip/ZipEntry;
J  sun.misc.URLClassPath$JarLoader.getResource(Ljava/lang/String;Z)Lsun/misc/Resource;
J  sun.misc.URLClassPath.getResource(Ljava/lang/String;Z)Lsun/misc/Resource;
J  java.net.URLClassLoader$1.run()Ljava/lang/Object;
v  ~StubRoutines::call_stub
J  java.security.AccessController.doPrivileged(Ljava/security/PrivilegedExceptionAction;Ljava/security/AccessControlContext;)Ljava/lang/Object;
J  java.net.URLClassLoader.findClass(Ljava/lang/String;)Ljava/lang/Class;
j  java.lang.ClassLoader.loadClass(Ljava/lang/String;Z)Ljava/lang/Class;+70
j  java.lang.ClassLoader.loadClass(Ljava/lang/String;)Ljava/lang/Class;+3
v  ~StubRoutines::call_stub
j  org.gradle.groovy.scripts.UriScriptSource.file(Ljava/lang/String;Ljava/io/File;)Lorg/gradle/groovy/scripts/ScriptSource;+17
j  org.gradle.initialization.SettingsLocation.<init>(Ljava/io/File;Ljava/io/File;)V+31
j  org.gradle.initialization.layout.BuildLayout.<init>(Ljava/io/File;Ljava/io/File;Ljava/io/File;)V+3
j  org.gradle.initialization.layout.BuildLayoutFactory.layout(Ljava/io/File;Ljava/io/File;Ljava/io/File;)Lorg/gradle/initialization/layout/BuildLayout;+7
j  org.gradle.initialization.layout.BuildLayoutFactory.getLayoutFor(Ljava/io/File;Ljava/io/File;)Lorg/gradle/initialization/layout/BuildLayout;+120
j  org.gradle.initialization.layout.BuildLayoutFactory.getLayoutFor(Lorg/gradle/initialization/layout/BuildLayoutConfiguration;)Lorg/gradle/initialization/layout/BuildLayout;+111
j  org.gradle.initialization.DefaultSettingsFinder.find(Lorg/gradle/StartParameter;)Lorg/gradle/initialization/layout/BuildLayout;+12
j  org.gradle.initialization.DefaultSettingsFinder.find(Lorg/gradle/StartParameter;)Lorg/gradle/initialization/SettingsLocation;+2
j  org.gradle.initialization.SettingsHandler.findSettings(Lorg/gradle/StartParameter;)Lorg/gradle/initialization/SettingsLocation;+5
j  org.gradle.initialization.SettingsHandler.findSettingsAndLoadIfAppropriate(Lorg/gradle/api/internal/GradleInternal;Lorg/gradle/StartParameter;)Lorg/gradle/api/internal/SettingsInternal;+2
j  org.gradle.initialization.SettingsHandler.findAndLoadSettings(Lorg/gradle/api/internal/GradleInternal;)Lorg/gradle/api/internal/SettingsInternal;+10
j  org.gradle.initialization.DefaultGradleLauncher.doBuildStages(Lorg/gradle/initialization/DefaultGradleLauncher$Stage;)V+19
j  org.gradle.initialization.DefaultGradleLauncher.doBuild(Lorg/gradle/initialization/DefaultGradleLauncher$Stage;)Lorg/gradle/BuildResult;+27
j  org.gradle.initialization.DefaultGradleLauncher.run()Lorg/gradle/BuildResult;+4
j  org.gradle.launcher.exec.InProcessBuildActionExecuter$DefaultBuildController.run()Lorg/gradle/api/internal/GradleInternal;+5
j  org.gradle.tooling.internal.provider.runner.BuildModelActionRunner.run(Lorg/gradle/internal/invocation/BuildAction;Lorg/gradle/internal/invocation/BuildController;)V+72
j  org.gradle.launcher.exec.ChainingBuildActionRunner.run(Lorg/gradle/internal/invocation/BuildAction;Lorg/gradle/internal/invocation/BuildController;)V+34
j  org.gradle.launcher.exec.InProcessBuildActionExecuter.execute(Lorg/gradle/internal/invocation/BuildAction;Lorg/gradle/initialization/BuildRequestContext;Lorg/gradle/launcher/exec/BuildActionParameters;)Ljava/lang/Object;+39
j  org.gradle.launcher.exec.InProcessBuildActionExecuter.execute(Lorg/gradle/internal/invocation/BuildAction;Lorg/gradle/initialization/BuildRequestContext;Ljava/lang/Object;)Ljava/lang/Object;+7
j  org.gradle.launcher.daemon.server.exec.ExecuteBuild.doBuild(Lorg/gradle/launcher/daemon/server/api/DaemonCommandExecution;Lorg/gradle/launcher/daemon/protocol/Build;)V+70
j  org.gradle.launcher.daemon.server.exec.BuildCommandOnly.execute(Lorg/gradle/launcher/daemon/server/api/DaemonCommandExecution;)V+49
j  org.gradle.launcher.daemon.server.api.DaemonCommandExecution.proceed()Z+28
j  org.gradle.launcher.daemon.server.exec.WatchForDisconnection.execute(Lorg/gradle/launcher/daemon/server/api/DaemonCommandExecution;)V+19
j  org.gradle.launcher.daemon.server.api.DaemonCommandExecution.proceed()Z+28
j  org.gradle.launcher.daemon.server.exec.ResetDeprecationLogger.execute(Lorg/gradle/launcher/daemon/server/api/DaemonCommandExecution;)V+4
j  org.gradle.launcher.daemon.server.api.DaemonCommandExecution.proceed()Z+28
j  org.gradle.launcher.daemon.server.exec.RequestStopIfSingleUsedDaemon.execute(Lorg/gradle/launcher/daemon/server/api/DaemonCommandExecution;)V+31
j  org.gradle.launcher.daemon.server.api.DaemonCommandExecution.proceed()Z+28
j  org.gradle.launcher.daemon.server.exec.ForwardClientInput$2.call()Ljava/lang/Void;+4
j  org.gradle.launcher.daemon.server.exec.ForwardClientInput$2.call()Ljava/lang/Object;+1
j  org.gradle.util.Swapper.swap(Ljava/lang/Object;Ljava/util/concurrent/Callable;)Ljava/lang/Object;+21
j  org.gradle.launcher.daemon.server.exec.ForwardClientInput.execute(Lorg/gradle/launcher/daemon/server/api/DaemonCommandExecution;)V+63
j  org.gradle.launcher.daemon.server.api.DaemonCommandExecution.proceed()Z+28
j  org.gradle.launcher.daemon.server.health.DaemonHealthTracker.execute(Lorg/gradle/launcher/daemon/server/api/DaemonCommandExecution;)V+35
j  org.gradle.launcher.daemon.server.api.DaemonCommandExecution.proceed()Z+28
j  org.gradle.launcher.daemon.server.exec.LogToClient.doBuild(Lorg/gradle/launcher/daemon/server/api/DaemonCommandExecution;Lorg/gradle/launcher/daemon/protocol/Build;)V+106
j  org.gradle.launcher.daemon.server.exec.BuildCommandOnly.execute(Lorg/gradle/launcher/daemon/server/api/DaemonCommandExecution;)V+49
j  org.gradle.launcher.daemon.server.api.DaemonCommandExecution.proceed()Z+28
j  org.gradle.launcher.daemon.server.exec.EstablishBuildEnvironment.doBuild(Lorg/gradle/launcher/daemon/server/api/DaemonCommandExecution;Lorg/gradle/launcher/daemon/protocol/Build;)V+243
j  org.gradle.launcher.daemon.server.exec.BuildCommandOnly.execute(Lorg/gradle/launcher/daemon/server/api/DaemonCommandExecution;)V+49
j  org.gradle.launcher.daemon.server.api.DaemonCommandExecution.proceed()Z+28
j  org.gradle.launcher.daemon.server.health.HintGCAfterBuild.execute(Lorg/gradle/launcher/daemon/server/api/DaemonCommandExecution;)V+1
j  org.gradle.launcher.daemon.server.api.DaemonCommandExecution.proceed()Z+28
j  org.gradle.launcher.daemon.server.exec.StartBuildOrRespondWithBusy$1.run()V+44
j  org.gradle.launcher.daemon.server.DaemonStateCoordinator$1.run()V+4
j  org.gradle.internal.concurrent.ExecutorPolicy$CatchAndRecordFailures.onExecute(Ljava/lang/Runnable;)V+1
j  org.gradle.internal.concurrent.StoppableExecutorImpl$1.run()V+25
j  java.util.concurrent.ThreadPoolExecutor.runWorker(Ljava/util/concurrent/ThreadPoolExecutor$Worker;)V+95
j  java.util.concurrent.ThreadPoolExecutor$Worker.run()V+5
j  java.lang.Thread.run()V+11
v  ~StubRoutines::call_stub

---------------  P R O C E S S  ---------------

Java Threads: ( => current thread )
  0x00007fbdccd51000 JavaThread "Stdin handler" [_thread_blocked, id=52003, stack(0x000000011ab85000,0x000000011ac85000)]
  0x00007fbdccf74000 JavaThread "Cancel handler" [_thread_blocked, id=19771, stack(0x000000011aa82000,0x000000011ab82000)]
  0x00007fbdcf1e1800 JavaThread "Handler for socket connection from /127.0.0.1:58831 to /127.0.0.1:53257" [_thread_in_native, id=48659, stack(0x000000011a6ba000,0x000000011a7ba000)]
=>0x00007fbdcf193800 JavaThread "Daemon worker Thread 10" [_thread_in_native, id=27171, stack(0x000000011ad09000,0x000000011ae09000)]
  0x00007fbdccfa8800 JavaThread "Daemon Thread 10" [_thread_blocked, id=19515, stack(0x000000011a401000,0x000000011a501000)]
  0x00007fbdcc21c000 JavaThread "File lock request listener" [_thread_in_native, id=22275, stack(0x000000011af59000,0x000000011b059000)]
  0x00007fbdcca69000 JavaThread "Incoming local TCP Connector on port 58831" [_thread_in_native, id=18691, stack(0x000000011a2fe000,0x000000011a3fe000)]
  0x00007fbdcc01a000 JavaThread "Service Thread" daemon [_thread_blocked, id=17667, stack(0x0000000119a11000,0x0000000119b11000)]
  0x00007fbdcc019800 JavaThread "C2 CompilerThread1" daemon [_thread_blocked, id=17155, stack(0x000000011990e000,0x0000000119a0e000)]
  0x00007fbdcc00f000 JavaThread "C2 CompilerThread0" daemon [_thread_blocked, id=16643, stack(0x000000011980b000,0x000000011990b000)]
  0x00007fbdcc00e800 JavaThread "Signal Dispatcher" daemon [_thread_blocked, id=13335, stack(0x0000000119708000,0x0000000119808000)]
  0x00007fbdcc811000 JavaThread "Finalizer" daemon [_thread_blocked, id=11523, stack(0x0000000117cdd000,0x0000000117ddd000)]
  0x00007fbdcc80e800 JavaThread "Reference Handler" daemon [_thread_blocked, id=11011, stack(0x0000000117bda000,0x0000000117cda000)]
  0x00007fbdcb808000 JavaThread "main" [_thread_blocked, id=4867, stack(0x000000010f0be000,0x000000010f1be000)]

Other Threads:
  0x00007fbdcc80e000 VMThread [stack: 0x0000000117ad7000,0x0000000117bd7000] [id=10499]
  0x00007fbdcc016000 WatcherThread [stack: 0x0000000119b14000,0x0000000119c14000] [id=18179]

VM state:not at safepoint (normal execution)

VM Mutex/Monitor currently owned by a thread: None

Heap
 PSYoungGen      total 331264K, used 9672K [0x00000007eaa80000, 0x00000007ffe80000, 0x0000000800000000)
  eden space 314368K, 3% used [0x00000007eaa80000,0x00000007eb3f2070,0x00000007fdd80000)
  from space 16896K, 0% used [0x00000007fdd80000,0x00000007fdd80000,0x00000007fee00000)
  to   space 16896K, 0% used [0x00000007fee00000,0x00000007fee00000,0x00000007ffe80000)
 ParOldGen       total 76800K, used 27480K [0x00000007c0000000, 0x00000007c4b00000, 0x00000007eaa80000)
  object space 76800K, 35% used [0x00000007c0000000,0x00000007c1ad60d8,0x00000007c4b00000)
 PSPermGen       total 77312K, used 55505K [0x00000007b0000000, 0x00000007b4b80000, 0x00000007c0000000)
  object space 77312K, 71% used [0x00000007b0000000,0x00000007b3634620,0x00000007b4b80000)

Card table byte_map: [0x0000000113524000,0x00000001137a5000] byte_map_base: 0x000000010f7a4000

Polling page: 0x000000010f1fd000

Code Cache  [0x0000000110464000, 0x0000000110e14000, 0x0000000113464000)
 total_blobs=3119 nmethods=2453 adapters=619 free_code_cache=39358Kb largest_free_block=40187648

Compilation events (10 events):
Event: 2459.356 Thread 0x00007fbdcc00f000 2750   !         java.io.UnixFileSystem::listRoots (37 bytes)
Event: 2459.363 Thread 0x00007fbdcc00f000 nmethod 2750 0x0000000110b26ed0 code [0x0000000110b27060, 0x0000000110b27448]
Event: 2459.606 Thread 0x00007fbdcc019800 2751             sun.util.calendar.CalendarDate::getZone (5 bytes)
Event: 2459.607 Thread 0x00007fbdcc019800 nmethod 2751 0x0000000110abe790 code [0x0000000110abe8c0, 0x0000000110abe938]
Event: 5684.366 Thread 0x00007fbdcc00f000 2752             sun.util.calendar.BaseCalendar::isLeapYear (5 bytes)
Event: 5684.370 Thread 0x00007fbdcc00f000 nmethod 2752 0x0000000110b26410 code [0x0000000110b26540, 0x0000000110b265f8]
Event: 5684.454 Thread 0x00007fbdcc019800 2753             org.codehaus.groovy.runtime.StackTraceUtils::isApplicationClass (84 bytes)
Event: 5685.034 Thread 0x00007fbdcc019800 nmethod 2753 0x0000000110e0bf90 code [0x0000000110e0c120, 0x0000000110e0c438]
Event: 5685.042 Thread 0x00007fbdcc00f000 2754             java.io.ObjectInputStream$HandleTable::lookupException (29 bytes)
Event: 5685.043 Thread 0x00007fbdcc00f000 nmethod 2754 0x0000000110e03210 code [0x0000000110e03360, 0x0000000110e03498]

GC Heap History (10 events):
Event: 2420.942 GC heap before
{Heap before GC invocations=44 (full 9):
 PSYoungGen      total 329728K, used 17517K [0x00000007eaa80000, 0x0000000800000000, 0x0000000800000000)
  eden space 313856K, 4% used [0x00000007eaa80000,0x00000007eb7876f8,0x00000007fdd00000)
  from space 15872K, 26% used [0x00000007ff080000,0x00000007ff494030,0x0000000800000000)
  to   space 17920K, 0% used [0x00000007fdd00000,0x00000007fdd00000,0x00000007fee80000)
 ParOldGen       total 76800K, used 47226K [0x00000007c0000000, 0x00000007c4b00000, 0x00000007eaa80000)
  object space 76800K, 61% used [0x00000007c0000000,0x00000007c2e1e950,0x00000007c4b00000)
 PSPermGen       total 86528K, used 58591K [0x00000007b0000000, 0x00000007b5480000, 0x00000007c0000000)
  object space 86528K, 67% used [0x00000007b0000000,0x00000007b3937ec0,0x00000007b5480000)
Event: 2420.949 GC heap after
Heap after GC invocations=44 (full 9):
 PSYoungGen      total 331776K, used 2624K [0x00000007eaa80000, 0x0000000800000000, 0x0000000800000000)
  eden space 313856K, 0% used [0x00000007eaa80000,0x00000007eaa80000,0x00000007fdd00000)
  from space 17920K, 14% used [0x00000007fdd00000,0x00000007fdf90020,0x00000007fee80000)
  to   space 17408K, 0% used [0x00000007fef00000,0x00000007fef00000,0x0000000800000000)
 ParOldGen       total 76800K, used 47226K [0x00000007c0000000, 0x00000007c4b00000, 0x00000007eaa80000)
  object space 76800K, 61% used [0x00000007c0000000,0x00000007c2e1e950,0x00000007c4b00000)
 PSPermGen       total 86528K, used 58591K [0x00000007b0000000, 0x00000007b5480000, 0x00000007c0000000)
  object space 86528K, 67% used [0x00000007b0000000,0x00000007b3937ec0,0x00000007b5480000)
}
Event: 2420.949 GC heap before
{Heap before GC invocations=45 (full 10):
 PSYoungGen      total 331776K, used 2624K [0x00000007eaa80000, 0x0000000800000000, 0x0000000800000000)
  eden space 313856K, 0% used [0x00000007eaa80000,0x00000007eaa80000,0x00000007fdd00000)
  from space 17920K, 14% used [0x00000007fdd00000,0x00000007fdf90020,0x00000007fee80000)
  to   space 17408K, 0% used [0x00000007fef00000,0x00000007fef00000,0x0000000800000000)
 ParOldGen       total 76800K, used 47226K [0x00000007c0000000, 0x00000007c4b00000, 0x00000007eaa80000)
  object space 76800K, 61% used [0x00000007c0000000,0x00000007c2e1e950,0x00000007c4b00000)
 PSPermGen       total 86528K, used 58591K [0x00000007b0000000, 0x00000007b5480000, 0x00000007c0000000)
  object space 86528K, 67% used [0x00000007b0000000,0x00000007b3937ec0,0x00000007b5480000)
Event: 2421.762 GC heap after
Heap after GC invocations=45 (full 10):
 PSYoungGen      total 331776K, used 0K [0x00000007eaa80000, 0x0000000800000000, 0x0000000800000000)
  eden space 313856K, 0% used [0x00000007eaa80000,0x00000007eaa80000,0x00000007fdd00000)
  from space 17920K, 0% used [0x00000007fdd00000,0x00000007fdd00000,0x00000007fee80000)
  to   space 17408K, 0% used [0x00000007fef00000,0x00000007fef00000,0x0000000800000000)
 ParOldGen       total 76800K, used 46642K [0x00000007c0000000, 0x00000007c4b00000, 0x00000007eaa80000)
  object space 76800K, 60% used [0x00000007c0000000,0x00000007c2d8cb50,0x00000007c4b00000)
 PSPermGen       total 83456K, used 58146K [0x00000007b0000000, 0x00000007b5180000, 0x00000007c0000000)
  object space 83456K, 69% used [0x00000007b0000000,0x00000007b38c8840,0x00000007b5180000)
}
Event: 2452.304 GC heap before
{Heap before GC invocations=46 (full 10):
 PSYoungGen      total 331776K, used 313856K [0x00000007eaa80000, 0x0000000800000000, 0x0000000800000000)
  eden space 313856K, 100% used [0x00000007eaa80000,0x00000007fdd00000,0x00000007fdd00000)
  from space 17920K, 0% used [0x00000007fdd00000,0x00000007fdd00000,0x00000007fee80000)
  to   space 17408K, 0% used [0x00000007fef00000,0x00000007fef00000,0x0000000800000000)
 ParOldGen       total 76800K, used 46642K [0x00000007c0000000, 0x00000007c4b00000, 0x00000007eaa80000)
  object space 76800K, 60% used [0x00000007c0000000,0x00000007c2d8cb50,0x00000007c4b00000)
 PSPermGen       total 83456K, used 58554K [0x00000007b0000000, 0x00000007b5180000, 0x00000007c0000000)
  object space 83456K, 70% used [0x00000007b0000000,0x00000007b392eb30,0x00000007b5180000)
Event: 2452.315 GC heap after
Heap after GC invocations=46 (full 10):
 PSYoungGen      total 330240K, used 3488K [0x00000007eaa80000, 0x00000007ffe80000, 0x0000000800000000)
  eden space 314368K, 0% used [0x00000007eaa80000,0x00000007eaa80000,0x00000007fdd80000)
  from space 15872K, 21% used [0x00000007fef00000,0x00000007ff268020,0x00000007ffe80000)
  to   space 16896K, 0% used [0x00000007fdd80000,0x00000007fdd80000,0x00000007fee00000)
 ParOldGen       total 76800K, used 46642K [0x00000007c0000000, 0x00000007c4b00000, 0x00000007eaa80000)
  object space 76800K, 60% used [0x00000007c0000000,0x00000007c2d8cb50,0x00000007c4b00000)
 PSPermGen       total 83456K, used 58554K [0x00000007b0000000, 0x00000007b5180000, 0x00000007c0000000)
  object space 83456K, 70% used [0x00000007b0000000,0x00000007b392eb30,0x00000007b5180000)
}
Event: 5684.463 GC heap before
{Heap before GC invocations=47 (full 10):
 PSYoungGen      total 330240K, used 280146K [0x00000007eaa80000, 0x00000007ffe80000, 0x0000000800000000)
  eden space 314368K, 88% used [0x00000007eaa80000,0x00000007fb8ac848,0x00000007fdd80000)
  from space 15872K, 21% used [0x00000007fef00000,0x00000007ff268020,0x00000007ffe80000)
  to   space 16896K, 0% used [0x00000007fdd80000,0x00000007fdd80000,0x00000007fee00000)
 ParOldGen       total 76800K, used 46642K [0x00000007c0000000, 0x00000007c4b00000, 0x00000007eaa80000)
  object space 76800K, 60% used [0x00000007c0000000,0x00000007c2d8cb50,0x00000007c4b00000)
 PSPermGen       total 83456K, used 59348K [0x00000007b0000000, 0x00000007b5180000, 0x00000007c0000000)
  object space 83456K, 71% used [0x00000007b0000000,0x00000007b39f5118,0x00000007b5180000)
Event: 5684.553 GC heap after
Heap after GC invocations=47 (full 10):
 PSYoungGen      total 331264K, used 8726K [0x00000007eaa80000, 0x00000007ffe80000, 0x0000000800000000)
  eden space 314368K, 0% used [0x00000007eaa80000,0x00000007eaa80000,0x00000007fdd80000)
  from space 16896K, 51% used [0x00000007fdd80000,0x00000007fe6058b8,0x00000007fee00000)
  to   space 16896K, 0% used [0x00000007fee00000,0x00000007fee00000,0x00000007ffe80000)
 ParOldGen       total 76800K, used 46642K [0x00000007c0000000, 0x00000007c4b00000, 0x00000007eaa80000)
  object space 76800K, 60% used [0x00000007c0000000,0x00000007c2d8cb50,0x00000007c4b00000)
 PSPermGen       total 83456K, used 59348K [0x00000007b0000000, 0x00000007b5180000, 0x00000007c0000000)
  object space 83456K, 71% used [0x00000007b0000000,0x00000007b39f5118,0x00000007b5180000)
}
Event: 5684.553 GC heap before
{Heap before GC invocations=48 (full 11):
 PSYoungGen      total 331264K, used 8726K [0x00000007eaa80000, 0x00000007ffe80000, 0x0000000800000000)
  eden space 314368K, 0% used [0x00000007eaa80000,0x00000007eaa80000,0x00000007fdd80000)
  from space 16896K, 51% used [0x00000007fdd80000,0x00000007fe6058b8,0x00000007fee00000)
  to   space 16896K, 0% used [0x00000007fee00000,0x00000007fee00000,0x00000007ffe80000)
 ParOldGen       total 76800K, used 46642K [0x00000007c0000000, 0x00000007c4b00000, 0x00000007eaa80000)
  object space 76800K, 60% used [0x00000007c0000000,0x00000007c2d8cb50,0x00000007c4b00000)
 PSPermGen       total 83456K, used 59348K [0x00000007b0000000, 0x00000007b5180000, 0x00000007c0000000)
  object space 83456K, 71% used [0x00000007b0000000,0x00000007b39f5118,0x00000007b5180000)
Event: 5685.028 GC heap after
Heap after GC invocations=48 (full 11):
 PSYoungGen      total 331264K, used 0K [0x00000007eaa80000, 0x00000007ffe80000, 0x0000000800000000)
  eden space 314368K, 0% used [0x00000007eaa80000,0x00000007eaa80000,0x00000007fdd80000)
  from space 16896K, 0% used [0x00000007fdd80000,0x00000007fdd80000,0x00000007fee00000)
  to   space 16896K, 0% used [0x00000007fee00000,0x00000007fee00000,0x00000007ffe80000)
 ParOldGen       total 76800K, used 27480K [0x00000007c0000000, 0x00000007c4b00000, 0x00000007eaa80000)
  object space 76800K, 35% used [0x00000007c0000000,0x00000007c1ad60d8,0x00000007c4b00000)
 PSPermGen       total 77312K, used 55340K [0x00000007b0000000, 0x00000007b4b80000, 0x00000007c0000000)
  object space 77312K, 71% used [0x00000007b0000000,0x00000007b360b078,0x00000007b4b80000)
}

Deoptimization events (10 events):
Event: 2418.253 Thread 0x00007fbdcb808000 Uncommon trap: reason=range_check action=make_not_entrant pc=0x0000000110a96b14 method=java.text.SimpleDateFormat.format(Ljava/util/Date;Ljava/lang/StringBuffer;Ljava/text/Format$FieldDelegate;)Ljava/lang/StringBuffer; @ 48
Event: 2420.649 Thread 0x00007fbdcc8a2000 Uncommon trap: reason=unloaded action=reinterpret pc=0x0000000110ab0be0 method=org.codehaus.groovy.reflection.CachedMethod.invoke(Ljava/lang/Object;[Ljava/lang/Object;)Ljava/lang/Object; @ 61
Event: 2420.649 Thread 0x00007fbdcc8a2000 Uncommon trap: reason=bimorphic action=maybe_recompile pc=0x00000001107452a8 method=org.codehaus.groovy.util.SingleKeyHashMap.get(Ljava/lang/Object;)Ljava/lang/Object; @ 43
Event: 2420.658 Thread 0x00007fbdcc8a2000 Uncommon trap: reason=unloaded action=reinterpret pc=0x0000000110ab0be0 method=org.codehaus.groovy.reflection.CachedMethod.invoke(Ljava/lang/Object;[Ljava/lang/Object;)Ljava/lang/Object; @ 61
Event: 2420.661 Thread 0x00007fbdcc8a2000 Uncommon trap: reason=unloaded action=reinterpret pc=0x0000000110ab0be0 method=org.codehaus.groovy.reflection.CachedMethod.invoke(Ljava/lang/Object;[Ljava/lang/Object;)Ljava/lang/Object; @ 61
Event: 2420.661 Thread 0x00007fbdcc8a2000 Uncommon trap: reason=unloaded action=reinterpret pc=0x0000000110ab0be0 method=org.codehaus.groovy.reflection.CachedMethod.invoke(Ljava/lang/Object;[Ljava/lang/Object;)Ljava/lang/Object; @ 61
Event: 2420.661 Thread 0x00007fbdcc8a2000 Uncommon trap: reason=unloaded action=reinterpret pc=0x0000000110ab0be0 method=org.codehaus.groovy.reflection.CachedMethod.invoke(Ljava/lang/Object;[Ljava/lang/Object;)Ljava/lang/Object; @ 61
Event: 2452.453 Thread 0x00007fbdcc8a2000 Uncommon trap: reason=null_check action=make_not_entrant pc=0x0000000110a83ee0 method=java.lang.ThreadLocal$ThreadLocalMap.set(Ljava/lang/ThreadLocal;Ljava/lang/Object;)V @ 36
Event: 2453.052 Thread 0x00007fbdcc8a2000 Uncommon trap: reason=null_check action=make_not_entrant pc=0x0000000110aab588 method=java.lang.Class.privateGetDeclaredFields(Z)[Ljava/lang/reflect/Field; @ 54
Event: 5738.140 Thread 0x00007fbdcf193800 Uncommon trap: reason=unreached action=reinterpret pc=0x0000000110d2e6c4 method=java.lang.Class.privateGetPublicMethods()[Ljava/lang/reflect/Method; @ 116

Internal exceptions (10 events):
Event: 5738.169 Thread 0x00007fbdcf193800 Threw 0x00000007eb2ff5e0 at /HUDSON/workspace/7u-2-build-macosx-x86_64/jdk7u51/527/hotspot/src/share/vm/prims/jvm.cpp:1244
Event: 5738.169 Thread 0x00007fbdcf193800 Threw 0x00000007eb305f50 at /HUDSON/workspace/7u-2-build-macosx-x86_64/jdk7u51/527/hotspot/src/share/vm/prims/jvm.cpp:1244
Event: 5738.171 Thread 0x00007fbdcf193800 Threw 0x00000007eb343878 at /HUDSON/workspace/7u-2-build-macosx-x86_64/jdk7u51/527/hotspot/src/share/vm/prims/jvm.cpp:1244
Event: 5738.171 Thread 0x00007fbdcf193800 Threw 0x00000007eb344358 at /HUDSON/workspace/7u-2-build-macosx-x86_64/jdk7u51/527/hotspot/src/share/vm/prims/jvm.cpp:1244
Event: 5738.172 Thread 0x00007fbdcf193800 Threw 0x00000007eb34b9b0 at /HUDSON/workspace/7u-2-build-macosx-x86_64/jdk7u51/527/hotspot/src/share/vm/prims/jvm.cpp:1244
Event: 5738.172 Thread 0x00007fbdcf193800 Threw 0x00000007eb357228 at /HUDSON/workspace/7u-2-build-macosx-x86_64/jdk7u51/527/hotspot/src/share/vm/prims/jvm.cpp:1244
Event: 5738.172 Thread 0x00007fbdcf193800 Threw 0x00000007eb357ea0 at /HUDSON/workspace/7u-2-build-macosx-x86_64/jdk7u51/527/hotspot/src/share/vm/prims/jvm.cpp:1244
Event: 5738.172 Thread 0x00007fbdcf193800 Threw 0x00000007eb35efb8 at /HUDSON/workspace/7u-2-build-macosx-x86_64/jdk7u51/527/hotspot/src/share/vm/prims/jvm.cpp:1244
Event: 5738.176 Thread 0x00007fbdcf193800 Threw 0x00000007eb3bbb10 at /HUDSON/workspace/7u-2-build-macosx-x86_64/jdk7u51/527/hotspot/src/share/vm/prims/jvm.cpp:1244
Event: 5738.176 Thread 0x00007fbdcf193800 Threw 0x00000007eb3bc3f0 at /HUDSON/workspace/7u-2-build-macosx-x86_64/jdk7u51/527/hotspot/src/share/vm/prims/jvm.cpp:1244

Events (10 events):
Event: 5738.155 loading class 0x00007fbdcd1f9a10
Event: 5738.155 loading class 0x00007fbdcd1f9a10 done
Event: 5738.169 loading class 0x00007fbdcd1b1620
Event: 5738.169 loading class 0x00007fbdcd1b1620 done
Event: 5738.171 loading class 0x00007fbdcd42eb10
Event: 5738.171 loading class 0x00007fbdcd42eb10 done
Event: 5738.172 loading class 0x00007fbdcd1b0070
Event: 5738.172 loading class 0x00007fbdcd1b0070 done
Event: 5738.176 loading class 0x00007fbdcacc3960
Event: 5738.176 loading class 0x00007fbdcacc3960 done


Dynamic libraries:
0x000000000296e000 	/System/Library/Frameworks/Cocoa.framework/Versions/A/Cocoa
0x000000000296e000 	/System/Library/Frameworks/Security.framework/Versions/A/Security
0x000000000296e000 	/System/Library/Frameworks/ApplicationServices.framework/Versions/A/ApplicationServices
0x000000000296e000 	/usr/lib/libz.1.dylib
0x000000000296e000 	/usr/lib/libSystem.B.dylib
0x000000000296e000 	/usr/lib/libobjc.A.dylib
0x000000000296e000 	/System/Library/Frameworks/CoreFoundation.framework/Versions/A/CoreFoundation
0x000000000296e000 	/System/Library/Frameworks/Foundation.framework/Versions/C/Foundation
0x000000000296e000 	/System/Library/Frameworks/AppKit.framework/Versions/C/AppKit
0x000000000296e000 	/System/Library/Frameworks/CoreData.framework/Versions/A/CoreData
0x000000000296e000 	/System/Library/PrivateFrameworks/RemoteViewServices.framework/Versions/A/RemoteViewServices
0x000000000296e000 	/System/Library/PrivateFrameworks/UIFoundation.framework/Versions/A/UIFoundation
0x000000000296e000 	/System/Library/Frameworks/IOSurface.framework/Versions/A/IOSurface
0x000000000296e000 	/System/Library/Frameworks/AudioToolbox.framework/Versions/A/AudioToolbox
0x000000000296e000 	/System/Library/Frameworks/AudioUnit.framework/Versions/A/AudioUnit
0x000000000296e000 	/System/Library/PrivateFrameworks/DataDetectorsCore.framework/Versions/A/DataDetectorsCore
0x000000000296e000 	/System/Library/PrivateFrameworks/DesktopServicesPriv.framework/Versions/A/DesktopServicesPriv
0x000000000296e000 	/System/Library/Frameworks/Carbon.framework/Versions/A/Frameworks/HIToolbox.framework/Versions/A/HIToolbox
0x000000000296e000 	/System/Library/Frameworks/QuartzCore.framework/Versions/A/QuartzCore
0x000000000296e000 	/System/Library/Frameworks/Carbon.framework/Versions/A/Frameworks/SpeechRecognition.framework/Versions/A/SpeechRecognition
0x000000000296e000 	/usr/lib/libauto.dylib
0x000000000296e000 	/usr/lib/libicucore.A.dylib
0x000000000296e000 	/usr/lib/libxml2.2.dylib
0x000000000296e000 	/System/Library/PrivateFrameworks/CoreUI.framework/Versions/A/CoreUI
0x000000000296e000 	/System/Library/Frameworks/CoreAudio.framework/Versions/A/CoreAudio
0x000000000296e000 	/System/Library/Frameworks/DiskArbitration.framework/Versions/A/DiskArbitration
0x000000000296e000 	/usr/lib/liblangid.dylib
0x000000000296e000 	/System/Library/PrivateFrameworks/MultitouchSupport.framework/Versions/A/MultitouchSupport
0x000000000296e000 	/System/Library/Frameworks/IOKit.framework/Versions/A/IOKit
0x000000000296e000 	/usr/lib/libDiagnosticMessagesClient.dylib
0x000000000296e000 	/System/Library/Frameworks/CoreServices.framework/Versions/A/CoreServices
0x000000000296e000 	/System/Library/PrivateFrameworks/PerformanceAnalysis.framework/Versions/A/PerformanceAnalysis
0x000000000296e000 	/System/Library/PrivateFrameworks/GenerationalStorage.framework/Versions/A/GenerationalStorage
0x000000000296e000 	/System/Library/Frameworks/OpenGL.framework/Versions/A/OpenGL
0x000000000296e000 	/System/Library/PrivateFrameworks/Sharing.framework/Versions/A/Sharing
0x000000000296e000 	/System/Library/Frameworks/CoreGraphics.framework/Versions/A/CoreGraphics
0x000000000296e000 	/System/Library/Frameworks/CoreText.framework/Versions/A/CoreText
0x000000000296e000 	/System/Library/Frameworks/ImageIO.framework/Versions/A/ImageIO
0x000000000296e000 	/usr/lib/libextension.dylib
0x000000000296e000 	/System/Library/PrivateFrameworks/Backup.framework/Versions/A/Backup
0x000000000296e000 	/usr/lib/libarchive.2.dylib
0x000000000296e000 	/System/Library/Frameworks/CFNetwork.framework/Versions/A/CFNetwork
0x000000000296e000 	/System/Library/Frameworks/SystemConfiguration.framework/Versions/A/SystemConfiguration
0x000000000296e000 	/usr/lib/libCRFSuite.dylib
0x000000000296e000 	/usr/lib/libc++.1.dylib
0x000000000296e000 	/usr/lib/libc++abi.dylib
0x000000000296e000 	/usr/lib/system/libcache.dylib
0x000000000296e000 	/usr/lib/system/libcommonCrypto.dylib
0x000000000296e000 	/usr/lib/system/libcompiler_rt.dylib
0x000000000296e000 	/usr/lib/system/libcopyfile.dylib
0x000000000296e000 	/usr/lib/system/libcorecrypto.dylib
0x000000000296e000 	/usr/lib/system/libdispatch.dylib
0x000000000296e000 	/usr/lib/system/libdyld.dylib
0x000000000296e000 	/usr/lib/system/libkeymgr.dylib
0x000000000296e000 	/usr/lib/system/liblaunch.dylib
0x000000000296e000 	/usr/lib/system/libmacho.dylib
0x000000000296e000 	/usr/lib/system/libquarantine.dylib
0x000000000296e000 	/usr/lib/system/libremovefile.dylib
0x000000000296e000 	/usr/lib/system/libsystem_asl.dylib
0x000000000296e000 	/usr/lib/system/libsystem_blocks.dylib
0x000000000296e000 	/usr/lib/system/libsystem_c.dylib
0x000000000296e000 	/usr/lib/system/libsystem_configuration.dylib
0x000000000296e000 	/usr/lib/system/libsystem_coreservices.dylib
0x000000000296e000 	/usr/lib/system/libsystem_coretls.dylib
0x000000000296e000 	/usr/lib/system/libsystem_dnssd.dylib
0x000000000296e000 	/usr/lib/system/libsystem_info.dylib
0x000000000296e000 	/usr/lib/system/libsystem_kernel.dylib
0x000000000296e000 	/usr/lib/system/libsystem_m.dylib
0x000000000296e000 	/usr/lib/system/libsystem_malloc.dylib
0x000000000296e000 	/usr/lib/system/libsystem_network.dylib
0x000000000296e000 	/usr/lib/system/libsystem_networkextension.dylib
0x000000000296e000 	/usr/lib/system/libsystem_notify.dylib
0x000000000296e000 	/usr/lib/system/libsystem_platform.dylib
0x000000000296e000 	/usr/lib/system/libsystem_pthread.dylib
0x000000000296e000 	/usr/lib/system/libsystem_sandbox.dylib
0x000000000296e000 	/usr/lib/system/libsystem_secinit.dylib
0x000000000296e000 	/usr/lib/system/libsystem_stats.dylib
0x000000000296e000 	/usr/lib/system/libsystem_trace.dylib
0x000000000296e000 	/usr/lib/system/libunc.dylib
0x000000000296e000 	/usr/lib/system/libunwind.dylib
0x000000000296e000 	/usr/lib/system/libxpc.dylib
0x000000000296e000 	/usr/lib/libbz2.1.0.dylib
0x000000000296e000 	/usr/lib/liblzma.5.dylib
0x000000000296e000 	/usr/lib/libbsm.0.dylib
0x000000000296e000 	/usr/lib/libsqlite3.dylib
0x000000000296e000 	/usr/lib/system/libkxld.dylib
0x000000000296e000 	/usr/lib/libxar.1.dylib
0x000000000296e000 	/usr/lib/libpam.2.dylib
0x000000000296e000 	/usr/lib/libOpenScriptingUtil.dylib
0x000000000296e000 	/System/Library/Frameworks/CoreServices.framework/Versions/A/Frameworks/FSEvents.framework/Versions/A/FSEvents
0x000000000296e000 	/System/Library/Frameworks/CoreServices.framework/Versions/A/Frameworks/CarbonCore.framework/Versions/A/CarbonCore
0x000000000296e000 	/System/Library/Frameworks/CoreServices.framework/Versions/A/Frameworks/Metadata.framework/Versions/A/Metadata
0x000000000296e000 	/System/Library/Frameworks/CoreServices.framework/Versions/A/Frameworks/OSServices.framework/Versions/A/OSServices
0x000000000296e000 	/System/Library/Frameworks/CoreServices.framework/Versions/A/Frameworks/SearchKit.framework/Versions/A/SearchKit
0x000000000296e000 	/System/Library/Frameworks/CoreServices.framework/Versions/A/Frameworks/AE.framework/Versions/A/AE
0x000000000296e000 	/System/Library/Frameworks/CoreServices.framework/Versions/A/Frameworks/LaunchServices.framework/Versions/A/LaunchServices
0x000000000296e000 	/System/Library/Frameworks/CoreServices.framework/Versions/A/Frameworks/DictionaryServices.framework/Versions/A/DictionaryServices
0x000000000296e000 	/System/Library/Frameworks/NetFS.framework/Versions/A/NetFS
0x000000000296e000 	/System/Library/PrivateFrameworks/NetAuth.framework/Versions/A/NetAuth
0x000000000296e000 	/System/Library/PrivateFrameworks/login.framework/Versions/A/Frameworks/loginsupport.framework/Versions/A/loginsupport
0x000000000296e000 	/System/Library/PrivateFrameworks/TCC.framework/Versions/A/TCC
0x000000000296e000 	/usr/lib/libmecabra.dylib
0x000000000296e000 	/System/Library/Frameworks/ApplicationServices.framework/Versions/A/Frameworks/ATS.framework/Versions/A/ATS
0x000000000296e000 	/System/Library/Frameworks/ApplicationServices.framework/Versions/A/Frameworks/ColorSync.framework/Versions/A/ColorSync
0x000000000296e000 	/System/Library/Frameworks/ApplicationServices.framework/Versions/A/Frameworks/HIServices.framework/Versions/A/HIServices
0x000000000296e000 	/System/Library/Frameworks/ApplicationServices.framework/Versions/A/Frameworks/LangAnalysis.framework/Versions/A/LangAnalysis
0x000000000296e000 	/System/Library/Frameworks/ApplicationServices.framework/Versions/A/Frameworks/PrintCore.framework/Versions/A/PrintCore
0x000000000296e000 	/System/Library/Frameworks/ApplicationServices.framework/Versions/A/Frameworks/QD.framework/Versions/A/QD
0x000000000296e000 	/System/Library/Frameworks/ApplicationServices.framework/Versions/A/Frameworks/SpeechSynthesis.framework/Versions/A/SpeechSynthesis
0x000000000296e000 	/System/Library/Frameworks/Accelerate.framework/Versions/A/Accelerate
0x000000000296e000 	/System/Library/Frameworks/Accelerate.framework/Versions/A/Frameworks/vImage.framework/Versions/A/vImage
0x000000000296e000 	/System/Library/Frameworks/Accelerate.framework/Versions/A/Frameworks/vecLib.framework/Versions/A/vecLib
0x000000000296e000 	/System/Library/Frameworks/Accelerate.framework/Versions/A/Frameworks/vecLib.framework/Versions/A/libvDSP.dylib
0x000000000296e000 	/System/Library/Frameworks/Accelerate.framework/Versions/A/Frameworks/vecLib.framework/Versions/A/libvMisc.dylib
0x000000000296e000 	/System/Library/Frameworks/Accelerate.framework/Versions/A/Frameworks/vecLib.framework/Versions/A/libLAPACK.dylib
0x000000000296e000 	/System/Library/Frameworks/Accelerate.framework/Versions/A/Frameworks/vecLib.framework/Versions/A/libBLAS.dylib
0x000000000296e000 	/System/Library/Frameworks/Accelerate.framework/Versions/A/Frameworks/vecLib.framework/Versions/A/libLinearAlgebra.dylib
0x000000000296e000 	/System/Library/Frameworks/ApplicationServices.framework/Versions/A/Frameworks/ATS.framework/Versions/A/Resources/libFontParser.dylib
0x000000000296e000 	/System/Library/Frameworks/ApplicationServices.framework/Versions/A/Frameworks/ATS.framework/Versions/A/Resources/libFontRegistry.dylib
0x000000000296e000 	/System/Library/PrivateFrameworks/AppleVPA.framework/Versions/A/AppleVPA
0x000000000296e000 	/System/Library/PrivateFrameworks/AppleJPEG.framework/Versions/A/AppleJPEG
0x000000000296e000 	/System/Library/Frameworks/ImageIO.framework/Versions/A/Resources/libJPEG.dylib
0x000000000296e000 	/System/Library/Frameworks/ImageIO.framework/Versions/A/Resources/libTIFF.dylib
0x000000000296e000 	/System/Library/Frameworks/ImageIO.framework/Versions/A/Resources/libPng.dylib
0x000000000296e000 	/System/Library/Frameworks/ImageIO.framework/Versions/A/Resources/libGIF.dylib
0x000000000296e000 	/System/Library/Frameworks/ImageIO.framework/Versions/A/Resources/libJP2.dylib
0x000000000296e000 	/System/Library/Frameworks/ImageIO.framework/Versions/A/Resources/libRadiance.dylib
0x000000000296e000 	/System/Library/Frameworks/CoreVideo.framework/Versions/A/CoreVideo
0x000000000296e000 	/System/Library/Frameworks/OpenGL.framework/Versions/A/Libraries/libGLU.dylib
0x000000000296e000 	/System/Library/Frameworks/OpenGL.framework/Versions/A/Libraries/libGFXShared.dylib
0x000000000296e000 	/System/Library/Frameworks/OpenGL.framework/Versions/A/Libraries/libGL.dylib
0x000000000296e000 	/System/Library/Frameworks/OpenGL.framework/Versions/A/Libraries/libGLImage.dylib
0x000000000296e000 	/System/Library/Frameworks/OpenGL.framework/Versions/A/Libraries/libCVMSPluginSupport.dylib
0x000000000296e000 	/System/Library/Frameworks/OpenGL.framework/Versions/A/Libraries/libCoreVMClient.dylib
0x000000000296e000 	/usr/lib/libcups.2.dylib
0x000000000296e000 	/System/Library/Frameworks/Kerberos.framework/Versions/A/Kerberos
0x000000000296e000 	/System/Library/Frameworks/GSS.framework/Versions/A/GSS
0x000000000296e000 	/usr/lib/libresolv.9.dylib
0x000000000296e000 	/usr/lib/libiconv.2.dylib
0x000000000296e000 	/System/Library/PrivateFrameworks/Heimdal.framework/Versions/A/Heimdal
0x000000000296e000 	/usr/lib/libheimdal-asn1.dylib
0x000000000296e000 	/System/Library/Frameworks/OpenDirectory.framework/Versions/A/OpenDirectory
0x000000000296e000 	/System/Library/PrivateFrameworks/CommonAuth.framework/Versions/A/CommonAuth
0x000000000296e000 	/System/Library/Frameworks/OpenDirectory.framework/Versions/A/Frameworks/CFOpenDirectory.framework/Versions/A/CFOpenDirectory
0x000000000296e000 	/System/Library/Frameworks/SecurityFoundation.framework/Versions/A/SecurityFoundation
0x000000000296e000 	/System/Library/PrivateFrameworks/LanguageModeling.framework/Versions/A/LanguageModeling
0x000000000296e000 	/usr/lib/libcmph.dylib
0x000000000296e000 	/System/Library/Frameworks/ServiceManagement.framework/Versions/A/ServiceManagement
0x000000000296e000 	/usr/lib/libxslt.1.dylib
0x000000000296e000 	/System/Library/Frameworks/Carbon.framework/Versions/A/Frameworks/Ink.framework/Versions/A/Ink
0x000000000296e000 	/System/Library/Frameworks/QuartzCore.framework/Versions/A/Frameworks/CoreImage.framework/Versions/A/CoreImage
0x000000000296e000 	/System/Library/PrivateFrameworks/CrashReporterSupport.framework/Versions/A/CrashReporterSupport
0x000000000296e000 	/System/Library/Frameworks/OpenCL.framework/Versions/A/OpenCL
0x000000000296e000 	/System/Library/PrivateFrameworks/FaceCore.framework/Versions/A/FaceCore
0x000000000296e000 	/System/Library/PrivateFrameworks/Ubiquity.framework/Versions/A/Ubiquity
0x000000000296e000 	/System/Library/PrivateFrameworks/IconServices.framework/Versions/A/IconServices
0x000000000296e000 	/System/Library/PrivateFrameworks/ChunkingLibrary.framework/Versions/A/ChunkingLibrary
0x000000000296e000 	/System/Library/PrivateFrameworks/Apple80211.framework/Versions/A/Apple80211
0x000000000296e000 	/System/Library/Frameworks/CoreWLAN.framework/Versions/A/CoreWLAN
0x000000000296e000 	/System/Library/Frameworks/IOBluetooth.framework/Versions/A/IOBluetooth
0x000000000296e000 	/System/Library/PrivateFrameworks/CoreWiFi.framework/Versions/A/CoreWiFi
0x000000000296e000 	/System/Library/Frameworks/CoreBluetooth.framework/Versions/A/CoreBluetooth
0x000000000296e000 	/System/Library/PrivateFrameworks/DebugSymbols.framework/Versions/A/DebugSymbols
0x000000000296e000 	/System/Library/PrivateFrameworks/CoreSymbolication.framework/Versions/A/CoreSymbolication
0x000000000296e000 	/System/Library/PrivateFrameworks/Symbolication.framework/Versions/A/Symbolication
0x000000000296e000 	/System/Library/PrivateFrameworks/SpeechRecognitionCore.framework/Versions/A/SpeechRecognitionCore
0x000000010fa00000 	/Library/Java/JavaVirtualMachines/jdk1.7.0_51.jdk/Contents/Home/jre/lib/server/libjvm.dylib
0x000000000296e000 	/usr/lib/libstdc++.6.dylib
0x000000010f1c0000 	/Library/Java/JavaVirtualMachines/jdk1.7.0_51.jdk/Contents/Home/jre/lib/libverify.dylib
0x000000010f1cd000 	/Library/Java/JavaVirtualMachines/jdk1.7.0_51.jdk/Contents/Home/jre/lib/libjava.dylib
0x000000011045b000 	/Library/Java/JavaVirtualMachines/jdk1.7.0_51.jdk/Contents/Home/jre/lib/libzip.dylib
0x0000000117ddf000 	/System/Library/Frameworks/JavaVM.framework/Frameworks/JavaRuntimeSupport.framework/JavaRuntimeSupport
0x0000000117df7000 	/System/Library/Frameworks/JavaVM.framework/Versions/A/Frameworks/JavaNativeFoundation.framework/Versions/A/JavaNativeFoundation
0x0000000117e0c000 	/System/Library/Frameworks/JavaVM.framework/Versions/A/JavaVM
0x000000000296e000 	/System/Library/Frameworks/Carbon.framework/Versions/A/Carbon
0x0000000117e19000 	/System/Library/PrivateFrameworks/JavaLaunching.framework/Versions/A/JavaLaunching
0x000000000296e000 	/System/Library/Frameworks/Carbon.framework/Versions/A/Frameworks/CommonPanels.framework/Versions/A/CommonPanels
0x000000000296e000 	/System/Library/Frameworks/Carbon.framework/Versions/A/Frameworks/Help.framework/Versions/A/Help
0x000000000296e000 	/System/Library/Frameworks/Carbon.framework/Versions/A/Frameworks/ImageCapture.framework/Versions/A/ImageCapture
0x000000000296e000 	/System/Library/Frameworks/Carbon.framework/Versions/A/Frameworks/OpenScripting.framework/Versions/A/OpenScripting
0x000000000296e000 	/System/Library/Frameworks/Carbon.framework/Versions/A/Frameworks/Print.framework/Versions/A/Print
0x000000000296e000 	/System/Library/Frameworks/Carbon.framework/Versions/A/Frameworks/SecurityHI.framework/Versions/A/SecurityHI
0x0000000119e35000 	/Library/Java/JavaVirtualMachines/jdk1.7.0_51.jdk/Contents/Home/jre/lib/libnet.dylib
0x0000000119e92000 	/Library/Java/JavaVirtualMachines/jdk1.7.0_51.jdk/Contents/Home/jre/lib/libnio.dylib
0x0000000119ea1000 	/Users/ndantonelli/.gradle/native/19/osx-amd64/libnative-platform.dylib
0x0000000119ea6000 	/Library/Java/JavaVirtualMachines/jdk1.7.0_51.jdk/Contents/Home/jre/lib/libmanagement.dylib
0x000000011a0c7000 	/Library/Java/JavaVirtualMachines/jdk1.7.0_51.jdk/Contents/Home/jre/lib/libsunec.dylib

VM Arguments:
jvm_args: -XX:MaxPermSize=256m -XX:+HeapDumpOnOutOfMemoryError -Xmx1024m -Dfile.encoding=UTF-8 -Duser.country=US -Duser.language=en -Duser.variant 
java_command: org.gradle.launcher.daemon.bootstrap.GradleDaemon 2.4 /Users/ndantonelli/.gradle /Users/ndantonelli/.gradle/daemon 10800000 e1391c5f-a0fd-42c0-bb23-26f4c8383656 -XX:MaxPermSize=256m -XX:+HeapDumpOnOutOfMemoryError -Xmx1024m -Dfile.encoding=UTF-8 -Duser.country=US -Duser.language=en -Duser.variant
Launcher Type: SUN_STANDARD

Environment Variables:
PATH=/usr/bin:/bin:/usr/sbin:/sbin
SHELL=/bin/bash
DISPLAY=/private/tmp/com.apple.launchd.EnFkGpPPSN/org.macosforge.xquartz:0

Signal Handlers:
SIGSEGV: [libjvm.dylib+0x525425], sa_mask[0]=0xfffefeff, sa_flags=0x00000043
SIGBUS: [libjvm.dylib+0x525425], sa_mask[0]=0xfffefeff, sa_flags=0x00000042
SIGFPE: [libjvm.dylib+0x41892a], sa_mask[0]=0xfffefeff, sa_flags=0x00000042
SIGPIPE: [libjvm.dylib+0x41892a], sa_mask[0]=0xfffefeff, sa_flags=0x00000042
SIGXFSZ: [libjvm.dylib+0x41892a], sa_mask[0]=0xfffefeff, sa_flags=0x00000042
SIGILL: [libjvm.dylib+0x41892a], sa_mask[0]=0xfffefeff, sa_flags=0x00000042
SIGUSR1: SIG_DFL, sa_mask[0]=0x00000000, sa_flags=0x00000000
SIGUSR2: [libjvm.dylib+0x41841c], sa_mask[0]=0x00000004, sa_flags=0x00000042
SIGHUP: [libjvm.dylib+0x4166ab], sa_mask[0]=0xfffefeff, sa_flags=0x00000042
SIGINT: [libjvm.dylib+0x4166ab], sa_mask[0]=0xfffefeff, sa_flags=0x00000042
SIGTERM: [libjvm.dylib+0x4166ab], sa_mask[0]=0xfffefeff, sa_flags=0x00000042
SIGQUIT: [libjvm.dylib+0x4166ab], sa_mask[0]=0xfffefeff, sa_flags=0x00000042


---------------  S Y S T E M  ---------------

OS:Bsduname:Darwin 14.5.0 Darwin Kernel Version 14.5.0: Wed Jul 29 02:26:53 PDT 2015; root:xnu-2782.40.9~1/RELEASE_X86_64 x86_64
rlimit: STACK 8192k, CORE 0k, NPROC 709, NOFILE 10240, AS infinity
load average:1.97 1.92 1.86

CPU:total 4 (2 cores per cpu, 2 threads per core) family 6 model 69 stepping 1, cmov, cx8, fxsr, mmx, sse, sse2, sse3, ssse3, sse4.1, sse4.2, popcnt, avx, avx2, aes, erms, ht, tsc, tscinvbit

Memory: 4k page, physical 4194304k(1048576k free)

/proc/meminfo:


vm_info: Java HotSpot(TM) 64-Bit Server VM (24.51-b03) for bsd-amd64 JRE (1.7.0_51-b13), built on Dec 18 2013 18:45:56 by "java_re" with gcc 4.2.1 (Based on Apple Inc. build 5658) (LLVM build 2336.11.00)

time: Tue Sep 29 11:28:42 2015
elapsed time: 5738 seconds

